<?xml version="1.0" encoding="UTF-8"?>
<testng-results total="1" passed="1" failed="0" skipped="0">
  <reporter-output>
  </reporter-output>
  <suite started-at="2021-04-12T21:39:34Z" name="Default Suite" finished-at="2021-04-12T21:39:34Z" duration-ms="35">
    <groups>
    </groups>
    <test started-at="2021-04-12T21:39:34Z" name="STFHW3ZavenTadevosyan" finished-at="2021-04-12T21:39:34Z" duration-ms="35">
      <class name="FourMethodsTest">
        <test-method signature="stringCompare()[pri:0, instance:FourMethodsTest@43a0cee9]" started-at="2021-04-13T01:39:34Z" name="stringCompare" finished-at="2021-04-13T01:39:34Z" duration-ms="15" status="PASS">
          <reporter-output>
          </reporter-output>
        </test-method> <!-- stringCompare -->
      </class> <!-- FourMethodsTest -->
    </test> <!-- STFHW3ZavenTadevosyan -->
  </suite> <!-- Default Suite -->
</testng-results>
